app/build/intermediates/manifest_merge_blame_file/debug/processDebugMainManifest/manifest-merger-blame-debug-report.txt
1<?xml version="1.0" encoding="utf-8"?>
2<manifest xmlns:android="http://schemas.android.com/apk/res/android"
3    package="com.example.vmeste"
4    android:versionCode="1"
5    android:versionName="1.0" >
6
7    <uses-sdk
8        android:minSdkVersion="24"
9        android:targetSdkVersion="35" />
10
11    <uses-permission android:name="android.permission.INTERNET" />
11-->src\main\AndroidManifest.xml:4:5-66
11-->src\main\AndroidManifest.xml:4:22-64
12    <uses-permission android:name="android.permission.POST_NOTIFICATIONS" />
12-->src\main\AndroidManifest.xml:5:5-77
12-->src\main\AndroidManifest.xml:5:22-74
13    <uses-permission android:name="android.permission.SCHEDULE_EXACT_ALARM" />
13-->src\main\AndroidManifest.xml:6:5-79
13-->src\main\AndroidManifest.xml:6:22-76
14    <uses-permission android:name="android.permission.ACCESS_NETWORK_STATE" />
14-->src\main\AndroidManifest.xml:7:5-78
14-->src\main\AndroidManifest.xml:7:22-76
15    <uses-permission android:name="android.permission.USE_EXACT_ALARM" />
15-->src\main\AndroidManifest.xml:8:5-74
15-->src\main\AndroidManifest.xml:8:22-71
16
17    <permission
17-->[androidx.core:core:1.13.0] AndroidManifest.xml:22:5-24:47
18        android:name="com.example.vmeste.DYNAMIC_RECEIVER_NOT_EXPORTED_PERMISSION"
18-->[androidx.core:core:1.13.0] AndroidManifest.xml:23:9-81
19        android:protectionLevel="signature" />
19-->[androidx.core:core:1.13.0] AndroidManifest.xml:24:9-44
20
21    <uses-permission android:name="com.example.vmeste.DYNAMIC_RECEIVER_NOT_EXPORTED_PERMISSION" />
21-->[androidx.core:core:1.13.0] AndroidManifest.xml:26:5-97
21-->[androidx.core:core:1.13.0] AndroidManifest.xml:26:22-94
22
23    <application
23-->src\main\AndroidManifest.xml:9:5-71:19
24        android:allowBackup="true"
24-->src\main\AndroidManifest.xml:10:9-35
25        android:appComponentFactory="androidx.core.app.CoreComponentFactory"
25-->[androidx.core:core:1.13.0] AndroidManifest.xml:28:18-86
26        android:dataExtractionRules="@xml/data_extraction_rules"
26-->src\main\AndroidManifest.xml:11:9-65
27        android:debuggable="true"
28        android:extractNativeLibs="false"
29        android:fullBackupContent="@xml/backup_rules"
29-->src\main\AndroidManifest.xml:12:9-54
30        android:icon="@mipmap/ic_thesis"
30-->src\main\AndroidManifest.xml:13:9-41
31        android:label="@string/app_name"
31-->src\main\AndroidManifest.xml:14:9-41
32        android:roundIcon="@mipmap/ic_thesis_round"
32-->src\main\AndroidManifest.xml:15:9-52
33        android:supportsRtl="true"
33-->src\main\AndroidManifest.xml:16:9-35
34        android:testOnly="true"
35        android:theme="@style/Theme.Vmeste" >
35-->src\main\AndroidManifest.xml:17:9-44
36        <activity
36-->src\main\AndroidManifest.xml:19:9-27:20
37            android:name="com.example.vmeste.MainActivity"
37-->src\main\AndroidManifest.xml:20:13-41
38            android:exported="true" >
38-->src\main\AndroidManifest.xml:21:13-36
39            <intent-filter>
39-->src\main\AndroidManifest.xml:22:13-26:29
40                <action android:name="android.intent.action.MAIN" />
40-->src\main\AndroidManifest.xml:23:17-69
40-->src\main\AndroidManifest.xml:23:25-66
41
42                <category android:name="android.intent.category.LAUNCHER" />
42-->src\main\AndroidManifest.xml:25:17-77
42-->src\main\AndroidManifest.xml:25:27-74
43            </intent-filter>
44        </activity>
45        <activity
45-->src\main\AndroidManifest.xml:29:9-33:20
46            android:name="com.example.vmeste.TasksActivity"
46-->src\main\AndroidManifest.xml:30:13-42
47            android:exported="false"
47-->src\main\AndroidManifest.xml:32:13-37
48            android:label="Задачи" >
48-->src\main\AndroidManifest.xml:31:13-35
49        </activity>
50        <activity
50-->src\main\AndroidManifest.xml:35:9-39:20
51            android:name="com.example.vmeste.OtherActivity"
51-->src\main\AndroidManifest.xml:36:13-42
52            android:exported="false"
52-->src\main\AndroidManifest.xml:38:13-37
53            android:label="Прочее" >
53-->src\main\AndroidManifest.xml:37:13-35
54        </activity>
55        <activity
55-->src\main\AndroidManifest.xml:41:9-45:20
56            android:name="com.example.vmeste.NotificationsActivity"
56-->src\main\AndroidManifest.xml:42:13-50
57            android:exported="false"
57-->src\main\AndroidManifest.xml:44:13-37
58            android:label="Уведомления" >
58-->src\main\AndroidManifest.xml:43:13-40
59        </activity>
60        <activity
60-->src\main\AndroidManifest.xml:47:9-51:20
61            android:name="com.example.vmeste.DoneTasksActivity"
61-->src\main\AndroidManifest.xml:48:13-46
62            android:exported="false"
62-->src\main\AndroidManifest.xml:50:13-37
63            android:label="Выполненные задачи" >
63-->src\main\AndroidManifest.xml:49:13-47
64        </activity>
65        <activity
65-->src\main\AndroidManifest.xml:53:9-57:20
66            android:name="com.example.vmeste.AddTaskActivity"
66-->src\main\AndroidManifest.xml:54:13-44
67            android:exported="false"
67-->src\main\AndroidManifest.xml:56:13-37
68            android:label="Добавить задачку" >
68-->src\main\AndroidManifest.xml:55:13-45
69        </activity>
70
71        <receiver android:name="com.example.vmeste.NotificationReceiver" />
71-->src\main\AndroidManifest.xml:59:9-58
71-->src\main\AndroidManifest.xml:59:19-55
72
73        <activity
73-->src\main\AndroidManifest.xml:61:9-64:39
74            android:name="com.example.vmeste.ChatActivity"
74-->src\main\AndroidManifest.xml:62:13-41
75            android:exported="false"
75-->src\main\AndroidManifest.xml:64:13-37
76            android:label="AI Chat" />
76-->src\main\AndroidManifest.xml:63:13-36
77        <activity
77-->src\main\AndroidManifest.xml:66:9-69:57
78            android:name="com.example.vmeste.ChatBotActivity"
78-->src\main\AndroidManifest.xml:67:13-44
79            android:theme="@style/Theme.AppCompat.Light.NoActionBar"
79-->src\main\AndroidManifest.xml:68:13-69
80            android:windowSoftInputMode="adjustResize" />
80-->src\main\AndroidManifest.xml:69:13-55
81
82        <service
82-->[androidx.room:room-runtime:2.4.0] AndroidManifest.xml:25:9-28:40
83            android:name="androidx.room.MultiInstanceInvalidationService"
83-->[androidx.room:room-runtime:2.4.0] AndroidManifest.xml:26:13-74
84            android:directBootAware="true"
84-->[androidx.room:room-runtime:2.4.0] AndroidManifest.xml:27:13-43
85            android:exported="false" />
85-->[androidx.room:room-runtime:2.4.0] AndroidManifest.xml:28:13-37
86
87        <provider
87-->[androidx.emoji2:emoji2:1.4.0] AndroidManifest.xml:24:9-32:20
88            android:name="androidx.startup.InitializationProvider"
88-->[androidx.emoji2:emoji2:1.4.0] AndroidManifest.xml:25:13-67
89            android:authorities="com.example.vmeste.androidx-startup"
89-->[androidx.emoji2:emoji2:1.4.0] AndroidManifest.xml:26:13-68
90            android:exported="false" >
90-->[androidx.emoji2:emoji2:1.4.0] AndroidManifest.xml:27:13-37
91            <meta-data
91-->[androidx.emoji2:emoji2:1.4.0] AndroidManifest.xml:29:13-31:52
92                android:name="androidx.emoji2.text.EmojiCompatInitializer"
92-->[androidx.emoji2:emoji2:1.4.0] AndroidManifest.xml:30:17-75
93                android:value="androidx.startup" />
93-->[androidx.emoji2:emoji2:1.4.0] AndroidManifest.xml:31:17-49
94            <meta-data
94-->[androidx.lifecycle:lifecycle-process:2.6.2] AndroidManifest.xml:29:13-31:52
95                android:name="androidx.lifecycle.ProcessLifecycleInitializer"
95-->[androidx.lifecycle:lifecycle-process:2.6.2] AndroidManifest.xml:30:17-78
96                android:value="androidx.startup" />
96-->[androidx.lifecycle:lifecycle-process:2.6.2] AndroidManifest.xml:31:17-49
97            <meta-data
97-->[androidx.profileinstaller:profileinstaller:1.4.0] AndroidManifest.xml:29:13-31:52
98                android:name="androidx.profileinstaller.ProfileInstallerInitializer"
98-->[androidx.profileinstaller:profileinstaller:1.4.0] AndroidManifest.xml:30:17-85
99                android:value="androidx.startup" />
99-->[androidx.profileinstaller:profileinstaller:1.4.0] AndroidManifest.xml:31:17-49
100        </provider>
101
102        <receiver
102-->[androidx.profileinstaller:profileinstaller:1.4.0] AndroidManifest.xml:34:9-52:20
103            android:name="androidx.profileinstaller.ProfileInstallReceiver"
103-->[androidx.profileinstaller:profileinstaller:1.4.0] AndroidManifest.xml:35:13-76
104            android:directBootAware="false"
104-->[androidx.profileinstaller:profileinstaller:1.4.0] AndroidManifest.xml:36:13-44
105            android:enabled="true"
105-->[androidx.profileinstaller:profileinstaller:1.4.0] AndroidManifest.xml:37:13-35
106            android:exported="true"
106-->[androidx.profileinstaller:profileinstaller:1.4.0] AndroidManifest.xml:38:13-36
107            android:permission="android.permission.DUMP" >
107-->[androidx.profileinstaller:profileinstaller:1.4.0] AndroidManifest.xml:39:13-57
108            <intent-filter>
108-->[androidx.profileinstaller:profileinstaller:1.4.0] AndroidManifest.xml:40:13-42:29
109                <action android:name="androidx.profileinstaller.action.INSTALL_PROFILE" />
109-->[androidx.profileinstaller:profileinstaller:1.4.0] AndroidManifest.xml:41:17-91
109-->[androidx.profileinstaller:profileinstaller:1.4.0] AndroidManifest.xml:41:25-88
110            </intent-filter>
111            <intent-filter>
111-->[androidx.profileinstaller:profileinstaller:1.4.0] AndroidManifest.xml:43:13-45:29
112                <action android:name="androidx.profileinstaller.action.SKIP_FILE" />
112-->[androidx.profileinstaller:profileinstaller:1.4.0] AndroidManifest.xml:44:17-85
112-->[androidx.profileinstaller:profileinstaller:1.4.0] AndroidManifest.xml:44:25-82
113            </intent-filter>
114            <intent-filter>
114-->[androidx.profileinstaller:profileinstaller:1.4.0] AndroidManifest.xml:46:13-48:29
115                <action android:name="androidx.profileinstaller.action.SAVE_PROFILE" />
115-->[androidx.profileinstaller:profileinstaller:1.4.0] AndroidManifest.xml:47:17-88
115-->[androidx.profileinstaller:profileinstaller:1.4.0] AndroidManifest.xml:47:25-85
116            </intent-filter>
117            <intent-filter>
117-->[androidx.profileinstaller:profileinstaller:1.4.0] AndroidManifest.xml:49:13-51:29
118                <action android:name="androidx.profileinstaller.action.BENCHMARK_OPERATION" />
118-->[androidx.profileinstaller:profileinstaller:1.4.0] AndroidManifest.xml:50:17-95
118-->[androidx.profileinstaller:profileinstaller:1.4.0] AndroidManifest.xml:50:25-92
119            </intent-filter>
120        </receiver>
121    </application>
122
123</manifest>